<?xml version="1.0" ?>
<coverage branch-rate="0" branches-covered="0" branches-valid="0" complexity="0" line-rate="0.1692" lines-covered="11" lines-valid="65" timestamp="1603419778552" version="5.3">
	<!-- Generated by coverage.py: https://coverage.readthedocs.io -->
	<!-- Based on https://raw.githubusercontent.com/cobertura/web/master/htdocs/xml/coverage-04.dtd -->
	<sources>
		<source>C:\Users\asus\quantparadise\VR</source>
	</sources>
	<packages>
		<package branch-rate="0" complexity="0" line-rate="0.1692" name=".">
			<classes>
				<class branch-rate="0" complexity="0" filename="Mod6.py" line-rate="0.09259" name="Mod6.py">
					<methods/>
					<lines>
						<line hits="1" number="1"/>
						<line hits="1" number="4"/>
						<line hits="0" number="5"/>
						<line hits="0" number="6"/>
						<line hits="0" number="7"/>
						<line hits="0" number="9"/>
						<line hits="0" number="10"/>
						<line hits="0" number="11"/>
						<line hits="0" number="12"/>
						<line hits="0" number="13"/>
						<line hits="0" number="15"/>
						<line hits="0" number="18"/>
						<line hits="0" number="19"/>
						<line hits="0" number="21"/>
						<line hits="0" number="22"/>
						<line hits="0" number="24"/>
						<line hits="0" number="25"/>
						<line hits="0" number="26"/>
						<line hits="0" number="28"/>
						<line hits="0" number="30"/>
						<line hits="0" number="31"/>
						<line hits="1" number="34"/>
						<line hits="0" number="35"/>
						<line hits="0" number="36"/>
						<line hits="0" number="37"/>
						<line hits="0" number="39"/>
						<line hits="0" number="40"/>
						<line hits="0" number="42"/>
						<line hits="0" number="46"/>
						<line hits="0" number="48"/>
						<line hits="0" number="49"/>
						<line hits="0" number="51"/>
						<line hits="1" number="54"/>
						<line hits="0" number="55"/>
						<line hits="0" number="56"/>
						<line hits="0" number="57"/>
						<line hits="0" number="58"/>
						<line hits="0" number="59"/>
						<line hits="1" number="62"/>
						<line hits="0" number="64"/>
						<line hits="0" number="65"/>
						<line hits="0" number="66"/>
						<line hits="0" number="67"/>
						<line hits="0" number="68"/>
						<line hits="0" number="69"/>
						<line hits="0" number="70"/>
						<line hits="0" number="71"/>
						<line hits="0" number="72"/>
						<line hits="0" number="75"/>
						<line hits="0" number="76"/>
						<line hits="0" number="79"/>
						<line hits="0" number="80"/>
						<line hits="0" number="86"/>
						<line hits="0" number="88"/>
					</lines>
				</class>
				<class branch-rate="0" complexity="0" filename="test_auth.py" line-rate="0.5455" name="test_auth.py">
					<methods/>
					<lines>
						<line hits="1" number="1"/>
						<line hits="1" number="6"/>
						<line hits="0" number="7"/>
						<line hits="1" number="10"/>
						<line hits="0" number="11"/>
						<line hits="1" number="14"/>
						<line hits="0" number="15"/>
						<line hits="1" number="18"/>
						<line hits="0" number="19"/>
						<line hits="1" number="22"/>
						<line hits="0" number="23"/>
					</lines>
				</class>
			</classes>
		</package>
	</packages>
</coverage>
